<?xml version="1.0" encoding="UTF-8"?>
<!-- Generated by org.testng.reporters.JUnitXMLReporter -->
<testsuite hostname="DESKTOP-LMAQN76" ignored="0" name="Test" tests="1" failures="0" timestamp="18 Sep 2018 04:04:20 GMT" time="13.837" errors="0">
  <testcase name="@BeforeTest initialize" time="13.756" classname="testCases.LoginTest">
    <failure type="java.lang.NullPointerException">
      <![CDATA[java.lang.NullPointerException
at testBase.Base.initialization(Base.java:37)
at testCases.LoginTest.initialize(LoginTest.java:26)
... Removed 24 stack frames]]>
    </failure>
  </testcase> <!-- @BeforeTest initialize -->
  <testcase name="@AfterTest tearDown" time="0.0" classname="testCases.LoginTest">
    <skipped/>
  </testcase> <!-- @AfterTest tearDown -->
  <testcase name="performLoginTest" time="0.0" classname="testCases.LoginTest">
    <skipped/>
  </testcase> <!-- performLoginTest -->
</testsuite> <!-- Test -->
