<?xml version="1.0" encoding="UTF-8"?>
<testng-results skipped="0" failed="0" ignored="0" total="1" passed="1">
  <reporter-output>
  </reporter-output>
  <suite name="testCases.LoginTest" duration-ms="17334" started-at="2018-09-22T07:31:15Z" finished-at="2018-09-22T07:31:32Z">
    <groups>
    </groups>
    <test name="Command line test" duration-ms="17334" started-at="2018-09-22T07:31:15Z" finished-at="2018-09-22T07:31:32Z">
      <class name="testCases.LoginTest">
        <test-method status="PASS" signature="initialize()[pri:0, instance:testCases.LoginTest@3cda1055]" name="initialize" is-config="true" duration-ms="14223" started-at="2018-09-22T07:31:15Z" finished-at="2018-09-22T07:31:29Z">
          <reporter-output>
          </reporter-output>
        </test-method> <!-- initialize -->
        <test-method status="PASS" signature="performLoginTest()[pri:0, instance:testCases.LoginTest@3cda1055]" name="performLoginTest" duration-ms="3030" started-at="2018-09-22T07:31:29Z" finished-at="2018-09-22T07:31:32Z">
          <reporter-output>
          </reporter-output>
        </test-method> <!-- performLoginTest -->
        <test-method status="PASS" signature="tearDown()[pri:0, instance:testCases.LoginTest@3cda1055]" name="tearDown" is-config="true" duration-ms="0" started-at="2018-09-22T07:31:32Z" finished-at="2018-09-22T07:31:32Z">
          <reporter-output>
          </reporter-output>
        </test-method> <!-- tearDown -->
      </class> <!-- testCases.LoginTest -->
    </test> <!-- Command line test -->
  </suite> <!-- testCases.LoginTest -->
</testng-results>
