<?xml version="1.0" encoding="UTF-8"?>
<testng-results skipped="0" failed="0" ignored="0" total="1" passed="1">
  <reporter-output>
  </reporter-output>
  <suite name="Default suite" duration-ms="14776" started-at="2018-09-20T02:17:24Z" finished-at="2018-09-20T02:17:39Z">
    <groups>
    </groups>
    <test name="Default test" duration-ms="14776" started-at="2018-09-20T02:17:24Z" finished-at="2018-09-20T02:17:39Z">
      <class name="testCases.LoginTest">
        <test-method status="PASS" signature="initialize()[pri:0, instance:testCases.LoginTest@47c62251]" name="initialize" is-config="true" duration-ms="11796" started-at="2018-09-20T02:17:24Z" finished-at="2018-09-20T02:17:36Z">
          <reporter-output>
          </reporter-output>
        </test-method> <!-- initialize -->
        <test-method status="PASS" signature="performLoginTest()[pri:0, instance:testCases.LoginTest@47c62251]" name="performLoginTest" duration-ms="2913" started-at="2018-09-20T02:17:36Z" finished-at="2018-09-20T02:17:39Z">
          <reporter-output>
          </reporter-output>
        </test-method> <!-- performLoginTest -->
        <test-method status="PASS" signature="tearDown()[pri:0, instance:testCases.LoginTest@47c62251]" name="tearDown" is-config="true" duration-ms="1" started-at="2018-09-20T02:17:39Z" finished-at="2018-09-20T02:17:39Z">
          <reporter-output>
          </reporter-output>
        </test-method> <!-- tearDown -->
      </class> <!-- testCases.LoginTest -->
    </test> <!-- Default test -->
  </suite> <!-- Default suite -->
</testng-results>
